<?xml version="1.0" encoding="UTF-8"?>
<!-- Generated by org.testng.reporters.JUnitXMLReporter -->
<testsuite ignored="0" hostname="DESKTOP-BC6U4CD" failures="0" tests="5" name="Default test" time="35.367" errors="0" timestamp="2022-02-03T12:45:23 EST">
  <testcase classname="tests.AmazonPractice" name="AmazonAutomation" time="4.797"/>
  <testcase classname="tests.AmazonPractice" name="AmazonAutomation" time="7.897"/>
  <testcase classname="tests.AmazonPractice" name="AmazonAutomation" time="6.313"/>
  <testcase classname="tests.AmazonPractice" name="AmazonAutomation" time="4.485"/>
  <testcase classname="tests.AmazonPractice" name="AmazonAutomation" time="6.043"/>
</testsuite> <!-- Default test -->
