<?xml version="1.0" encoding="UTF-8"?>
<testng-results ignored="0" total="5" passed="5" failed="0" skipped="0">
  <reporter-output>
  </reporter-output>
  <suite started-at="2022-02-03T12:44:47 EST" name="Default suite" finished-at="2022-02-03T12:45:23 EST" duration-ms="35367">
    <groups>
    </groups>
    <test started-at="2022-02-03T12:44:47 EST" name="Default test" finished-at="2022-02-03T12:45:23 EST" duration-ms="35367">
      <class name="tests.AmazonPractice">
        <test-method is-config="true" signature="beforeMethod()[pri:0, instance:tests.AmazonPractice@6ef888f6]" started-at="2022-02-03T12:44:47 EST" name="beforeMethod" finished-at="2022-02-03T12:44:49 EST" duration-ms="1325" status="PASS">
          <reporter-output>
          </reporter-output>
        </test-method> <!-- beforeMethod -->
        <test-method signature="AmazonAutomation(java.lang.String)[pri:0, instance:tests.AmazonPractice@6ef888f6]" started-at="2022-02-03T12:44:49 EST" name="AmazonAutomation" data-provider="dataCollections" finished-at="2022-02-03T12:44:53 EST" duration-ms="4797" status="PASS">
          <params>
            <param index="0">
              <value>
                <![CDATA[coffee mug]]>
              </value>
            </param>
          </params>
          <reporter-output>
          </reporter-output>
        </test-method> <!-- AmazonAutomation -->
        <test-method is-config="true" signature="afterMethod()[pri:0, instance:tests.AmazonPractice@6ef888f6]" started-at="2022-02-03T12:44:53 EST" name="afterMethod" finished-at="2022-02-03T12:44:54 EST" duration-ms="227" status="PASS">
          <reporter-output>
          </reporter-output>
        </test-method> <!-- afterMethod -->
        <test-method is-config="true" signature="beforeMethod()[pri:0, instance:tests.AmazonPractice@6ef888f6]" started-at="2022-02-03T12:44:54 EST" name="beforeMethod" finished-at="2022-02-03T12:44:54 EST" duration-ms="738" status="PASS">
          <reporter-output>
          </reporter-output>
        </test-method> <!-- beforeMethod -->
        <test-method signature="AmazonAutomation(java.lang.String)[pri:0, instance:tests.AmazonPractice@6ef888f6]" started-at="2022-02-03T12:44:54 EST" name="AmazonAutomation" data-provider="dataCollections" finished-at="2022-02-03T12:45:02 EST" duration-ms="7897" status="PASS">
          <params>
            <param index="0">
              <value>
                <![CDATA[pretty coffee mug]]>
              </value>
            </param>
          </params>
          <reporter-output>
          </reporter-output>
        </test-method> <!-- AmazonAutomation -->
        <test-method is-config="true" signature="afterMethod()[pri:0, instance:tests.AmazonPractice@6ef888f6]" started-at="2022-02-03T12:45:02 EST" name="afterMethod" finished-at="2022-02-03T12:45:02 EST" duration-ms="236" status="PASS">
          <reporter-output>
          </reporter-output>
        </test-method> <!-- afterMethod -->
        <test-method is-config="true" signature="beforeMethod()[pri:0, instance:tests.AmazonPractice@6ef888f6]" started-at="2022-02-03T12:45:02 EST" name="beforeMethod" finished-at="2022-02-03T12:45:03 EST" duration-ms="754" status="PASS">
          <reporter-output>
          </reporter-output>
        </test-method> <!-- beforeMethod -->
        <test-method signature="AmazonAutomation(java.lang.String)[pri:0, instance:tests.AmazonPractice@6ef888f6]" started-at="2022-02-03T12:45:03 EST" name="AmazonAutomation" data-provider="dataCollections" finished-at="2022-02-03T12:45:10 EST" duration-ms="6313" status="PASS">
          <params>
            <param index="0">
              <value>
                <![CDATA[cool coffee mug]]>
              </value>
            </param>
          </params>
          <reporter-output>
          </reporter-output>
        </test-method> <!-- AmazonAutomation -->
        <test-method is-config="true" signature="afterMethod()[pri:0, instance:tests.AmazonPractice@6ef888f6]" started-at="2022-02-03T12:45:10 EST" name="afterMethod" finished-at="2022-02-03T12:45:10 EST" duration-ms="240" status="PASS">
          <reporter-output>
          </reporter-output>
        </test-method> <!-- afterMethod -->
        <test-method is-config="true" signature="beforeMethod()[pri:0, instance:tests.AmazonPractice@6ef888f6]" started-at="2022-02-03T12:45:10 EST" name="beforeMethod" finished-at="2022-02-03T12:45:11 EST" duration-ms="898" status="PASS">
          <reporter-output>
          </reporter-output>
        </test-method> <!-- beforeMethod -->
        <test-method signature="AmazonAutomation(java.lang.String)[pri:0, instance:tests.AmazonPractice@6ef888f6]" started-at="2022-02-03T12:45:11 EST" name="AmazonAutomation" data-provider="dataCollections" finished-at="2022-02-03T12:45:15 EST" duration-ms="4485" status="PASS">
          <params>
            <param index="0">
              <value>
                <![CDATA[cute coffee mug]]>
              </value>
            </param>
          </params>
          <reporter-output>
          </reporter-output>
        </test-method> <!-- AmazonAutomation -->
        <test-method is-config="true" signature="afterMethod()[pri:0, instance:tests.AmazonPractice@6ef888f6]" started-at="2022-02-03T12:45:15 EST" name="afterMethod" finished-at="2022-02-03T12:45:15 EST" duration-ms="198" status="PASS">
          <reporter-output>
          </reporter-output>
        </test-method> <!-- afterMethod -->
        <test-method is-config="true" signature="beforeMethod()[pri:0, instance:tests.AmazonPractice@6ef888f6]" started-at="2022-02-03T12:45:15 EST" name="beforeMethod" finished-at="2022-02-03T12:45:16 EST" duration-ms="910" status="PASS">
          <reporter-output>
          </reporter-output>
        </test-method> <!-- beforeMethod -->
        <test-method signature="AmazonAutomation(java.lang.String)[pri:0, instance:tests.AmazonPractice@6ef888f6]" started-at="2022-02-03T12:45:16 EST" name="AmazonAutomation" data-provider="dataCollections" finished-at="2022-02-03T12:45:22 EST" duration-ms="6043" status="PASS">
          <params>
            <param index="0">
              <value>
                <![CDATA[ugly coffee mug]]>
              </value>
            </param>
          </params>
          <reporter-output>
          </reporter-output>
        </test-method> <!-- AmazonAutomation -->
        <test-method is-config="true" signature="afterMethod()[pri:0, instance:tests.AmazonPractice@6ef888f6]" started-at="2022-02-03T12:45:22 EST" name="afterMethod" finished-at="2022-02-03T12:45:23 EST" duration-ms="259" status="PASS">
          <reporter-output>
          </reporter-output>
        </test-method> <!-- afterMethod -->
      </class> <!-- tests.AmazonPractice -->
    </test> <!-- Default test -->
  </suite> <!-- Default suite -->
</testng-results>
